2025-07-06 23:53:28,438 - INFO - Обучение модели: Полносвязная сеть
2025-07-06 23:55:31,687 - INFO - Обучение модели: Полносвязная сеть
2025-07-06 23:57:10,219 - INFO - Обучение модели: Полносвязная сеть
2025-07-07 00:00:04,576 - INFO - Полносвязная сеть: Точность на тесте = 97.7100, Время обучения = 172.21с, Параметры = 567434
2025-07-07 00:00:06,512 - INFO - Обучение модели: Простая CNN
2025-07-07 00:03:32,772 - INFO - Простая CNN: Точность на тесте = 98.9900, Время обучения = 204.16с, Параметры = 1625866
2025-07-07 00:03:33,265 - INFO - Обучение модели: CNN с Residual
2025-07-07 00:10:18,802 - INFO - CNN с Residual: Точность на тесте = 98.8900, Время обучения = 402.28с, Параметры = 1719242
2025-07-07 00:10:49,395 - INFO - Обучение модели: Полносвязная сеть
2025-07-07 00:21:54,725 - INFO - Обучение модели: Полносвязная сеть
2025-07-07 00:24:48,626 - INFO - Полносвязная сеть: Точность на тесте = 97.8400, Время обучения = 172.02с, Параметры = 567434
2025-07-07 00:24:49,280 - INFO - Обучение модели: Простая CNN
2025-07-07 00:28:07,893 - INFO - Простая CNN: Точность на тесте = 99.1400, Время обучения = 196.49с, Параметры = 1625866
2025-07-07 00:28:08,257 - INFO - Обучение модели: CNN с Residual
2025-07-07 00:35:18,720 - INFO - CNN с Residual: Точность на тесте = 98.9800, Время обучения = 427.19с, Параметры = 1719242
2025-07-07 00:35:20,777 - INFO - Обучение модели: Полносвязная сеть
2025-07-07 00:40:53,587 - INFO - Полносвязная сеть: Точность на тесте = 54.0900, Время обучения = 329.83с
2025-07-07 00:40:53,587 - INFO - Обучение модели: CNN с Residual
2025-07-07 00:55:22,213 - INFO - CNN с Residual: Точность на тесте = 74.1600, Время обучения = 863.82с
2025-07-07 00:55:22,213 - INFO - Обучение модели: CNN с регуляризацией
2025-07-07 01:09:54,053 - INFO - CNN с регуляризацией: Точность на тесте = 78.8200, Время обучения = 867.36с
