2025-07-07 02:14:07,278 - INFO - Обучение модели: Базовая CNN
2025-07-07 02:17:02,708 - INFO - Базовая CNN: Точность = 63.8400, Время = 174.21с, Параметры = 1050954
2025-07-07 02:17:03,759 - INFO - Обучение модели: Кастомная свертка
2025-07-07 02:19:46,344 - INFO - Кастомная свертка: Точность = 63.2900, Время = 162.56с, Параметры = 1050954
2025-07-07 02:19:46,604 - INFO - Обучение модели: Слой внимания
2025-07-07 02:22:34,479 - INFO - Слой внимания: Точность = 65.3700, Время = 167.86с, Параметры = 1051246
2025-07-07 02:22:34,736 - INFO - Обучение модели: Кастомная активация
2025-07-07 02:25:32,269 - INFO - Кастомная активация: Точность = 62.9100, Время = 177.52с, Параметры = 1050954
2025-07-07 02:25:32,574 - INFO - Обучение модели: Кастомный пулинг
2025-07-07 02:28:33,136 - INFO - Кастомный пулинг: Точность = 63.7000, Время = 180.55с, Параметры = 1050954
2025-07-07 02:34:17,435 - INFO - Обучение модели: Базовая CNN
2025-07-07 02:36:52,454 - INFO - Обучение модели: Базовая CNN
2025-07-07 02:39:05,624 - INFO - Обучение модели: Базовая CNN
2025-07-07 02:42:21,846 - INFO - Базовая CNN: Точность = 64.6900, Время = 195.06с, Параметры = 2100490, Стабильность = 0.1632
2025-07-07 02:42:23,312 - INFO - Обучение модели: Кастомная свертка
2025-07-07 02:45:30,948 - INFO - Кастомная свертка: Точность = 63.3700, Время = 187.60с, Параметры = 2100491, Стабильность = 0.0609
2025-07-07 02:45:31,238 - INFO - Обучение модели: Attention
2025-07-07 02:49:20,370 - INFO - Attention: Точность = 64.8600, Время = 229.12с, Параметры = 2105691, Стабильность = 0.1486
2025-07-07 02:49:20,664 - INFO - Обучение модели: Кастомная активация
2025-07-07 02:52:26,911 - INFO - Кастомная активация: Точность = 64.8800, Время = 186.23с, Параметры = 2100491, Стабильность = 0.1082
2025-07-07 02:52:27,210 - INFO - Обучение модели: Кастомный пуллинг
2025-07-07 02:55:36,039 - INFO - Кастомный пуллинг: Точность = 63.9200, Время = 188.81с, Параметры = 2100490, Стабильность = 0.1786
2025-07-07 02:55:38,070 - INFO - Обучение модели с Базовый Residual
2025-07-07 03:04:01,874 - INFO - Базовый Residual: Точность = 72.8300, Время = 503.78с, Параметры = 2248714, Стабильность = 0.0095
2025-07-07 03:04:02,203 - INFO - Обучение модели с Bottleneck Residual
2025-07-07 03:09:55,685 - INFO - Bottleneck Residual: Точность = 69.4700, Время = 353.46с, Параметры = 2109770, Стабильность = 0.0080
2025-07-07 03:09:56,065 - INFO - Обучение модели с Wide Residual
2025-07-07 03:20:56,441 - INFO - Wide Residual: Точность = 74.3800, Время = 660.35с, Параметры = 2396554, Стабильность = 0.0140
