2025-07-07 01:15:43,618 - INFO - ќбучение модели с €драми 3x3
2025-07-07 01:18:55,044 - INFO - ќбучение модели с ядра 3x3
2025-07-07 01:22:59,846 - INFO - ядра 3x3: “очность = 69.4400, ¬рем€ = 243.69с, ѕараметры = 2118154
2025-07-07 01:23:01,093 - INFO - ќбучение модели с ядра 5x5
2025-07-07 01:27:30,926 - INFO - ядра 5x5: “очность = 68.4500, ¬рем€ = 269.80с, ѕараметры = 2152458
2025-07-07 01:27:31,281 - INFO - ќбучение модели с ядра 7x7
2025-07-07 01:32:54,125 - INFO - ядра 7x7: “очность = 69.2300, ¬рем€ = 322.83с, ѕараметры = 2203914
2025-07-07 01:32:56,464 - INFO - ќбучение модели с 2 сло€ без Residual
2025-07-07 01:36:15,250 - INFO - ќбучение модели с ядра 3x3
2025-07-07 01:40:22,988 - INFO - ядра 3x3: “очность = 68.9700, ¬рем€ = 246.51с, ѕараметры = 2118154
2025-07-07 01:40:24,169 - INFO - ќбучение модели с ядра 5x5
2025-07-07 01:44:50,116 - INFO - ядра 5x5: “очность = 68.5300, ¬рем€ = 265.91с, ѕараметры = 2152458
2025-07-07 01:44:50,430 - INFO - ќбучение модели с ядра 7x7
2025-07-07 01:50:11,604 - INFO - ядра 7x7: “очность = 69.0500, ¬рем€ = 321.16с, ѕараметры = 2203914
2025-07-07 01:50:13,775 - INFO - ќбучение модели с 2 сло€ без Residual
2025-07-07 01:53:51,049 - INFO - 2 сло€ без Residual: “очность = 68.5500, ¬рем€ = 216.91с, ѕараметры = 1060266
2025-07-07 01:53:51,049 - INFO - ќбучение модели с 4 сло€ без Residual
2025-07-07 01:58:11,151 - INFO - 4 сло€ без Residual: “очность = 77.8300, ¬рем€ = 259.81с, ѕараметры = 591658
2025-07-07 01:58:11,151 - INFO - ќбучение модели с 2 сло€ с Residual
2025-07-07 02:01:39,820 - INFO - 2 сло€ с Residual: “очность = 68.5100, ¬рем€ = 208.39с, ѕараметры = 1060266
2025-07-07 02:01:39,820 - INFO - ќбучение модели с 4 сло€ с Residual
2025-07-07 02:05:58,551 - INFO - 4 сло€ с Residual: “очность = 77.5100, ¬рем€ = 258.46с, ѕараметры = 630954
